<?xml version="1.0" encoding="UTF-8"?>
<testng-results skipped="0" failed="0" ignored="0" total="2" passed="2">
  <reporter-output>
  </reporter-output>
  <suite name="Amazon test Suite" duration-ms="37317" started-at="2017-07-12T08:14:56Z" finished-at="2017-07-12T08:15:33Z">
    <groups>
    </groups>
    <test name=" LogINTest" duration-ms="37317" started-at="2017-07-12T08:14:56Z" finished-at="2017-07-12T08:15:33Z">
      <class name="Test.GotoLogintest">
        <test-method status="PASS" signature="AmazonLoginPageTest()[pri:0, instance:Test.GotoLogintest@895e367]" name="AmazonLoginPageTest" duration-ms="8136" started-at="2017-07-12T04:15:25Z" finished-at="2017-07-12T04:15:33Z">
          <reporter-output>
          </reporter-output>
        </test-method> <!-- AmazonLoginPageTest -->
      </class> <!-- Test.GotoLogintest -->
      <class name="Test.serchtest">
        <test-method status="PASS" signature="searchTest()[pri:0, instance:Test.serchtest@1130520d]" name="searchTest" duration-ms="29081" started-at="2017-07-12T04:14:56Z" finished-at="2017-07-12T04:15:25Z">
          <reporter-output>
          </reporter-output>
        </test-method> <!-- searchTest -->
      </class> <!-- Test.serchtest -->
    </test> <!--  LogINTest -->
  </suite> <!-- Amazon test Suite -->
</testng-results>
