<?xml version="1.0" encoding="UTF-8"?>
<testng-results skipped="0" failed="0" ignored="0" total="1" passed="1">
  <reporter-output>
  </reporter-output>
  <suite name="Default suite" duration-ms="45451" started-at="2017-05-28T23:40:52Z" finished-at="2017-05-28T23:41:38Z">
    <groups>
    </groups>
    <test name="Default test" duration-ms="45451" started-at="2017-05-28T23:40:52Z" finished-at="2017-05-28T23:41:38Z">
      <class name="TestCases.Searchforferniture">
        <test-method status="PASS" signature="WalmartSearch()[pri:0, instance:TestCases.Searchforferniture@3e62d773]" name="WalmartSearch" duration-ms="45243" started-at="2017-05-28T19:40:52Z" finished-at="2017-05-28T19:41:38Z">
          <reporter-output>
          </reporter-output>
        </test-method> <!-- WalmartSearch -->
      </class> <!-- TestCases.Searchforferniture -->
    </test> <!-- Default test -->
  </suite> <!-- Default suite -->
</testng-results>
