<?xml version="1.0" encoding="UTF-8"?>
<!-- Generated by org.testng.reporters.JUnitXMLReporter -->
<testsuite hostname="Nissan" ignored="4" name="Test for group" tests="4" failures="0" timestamp="20 Apr 2017 19:39:58 GMT" time="0.191" errors="0">
  <testcase name="m1" time="0.049" classname="TestNGListener.Group"/>
  <testcase name="m4" time="0.012" classname="TestNGListener.Group"/>
  <testcase name="m5" time="0.006" classname="TestNGListener.Group1"/>
  <testcase name="m8" time="0.004" classname="TestNGListener.Group1"/>
  <testcase name="m6" time="0.0" classname="TestNGListener.Group1">
    <ignored/>
  </testcase> <!-- m6 -->
  <testcase name="m7" time="0.0" classname="TestNGListener.Group1">
    <ignored/>
  </testcase> <!-- m7 -->
  <testcase name="m3" time="0.0" classname="TestNGListener.Group">
    <ignored/>
  </testcase> <!-- m3 -->
  <testcase name="m2" time="0.0" classname="TestNGListener.Group">
    <ignored/>
  </testcase> <!-- m2 -->
</testsuite> <!-- Test for group -->
