<?xml version="1.0" encoding="UTF-8"?>
<!-- Generated by org.testng.reporters.JUnitXMLReporter -->
<testsuite hostname="Nissan" ignored="0" tests="3" failures="0" timestamp="03 Apr 2017 02:00:28 GMT" time="50.277" errors="0">
  <testcase name="@BeforeMethod openBrowser" time="50.101" classname="Smoketest">
    <failure type="org.openqa.selenium.WebDriverException" message="Failed to connect to binary FirefoxBinary(C:\Program Files (x86)\Mozilla Firefox\firefox.exe) on port 7055; process output follows: 
pdates&amp;quot;:1,&amp;quot;skinnable&amp;quot;:true,&amp;quot;size&amp;quot;:22012,&amp;quot;sourceURI&amp;quot;:null,&amp;quot;releaseNotesURI&amp;quot;:null,&amp;quot;softDisabled&amp;quot;:false,&amp;quot;foreignInstall&amp;quot;:false,&amp;quot;hasBinaryComponents&amp;quot;:false,&amp;quot;strictCompatibility&amp;quot;:true,&amp;quot;locales&amp;quot;:[],&amp;quot;targetApplications&amp;quot;:[{&amp;quot;id&amp;quot;:&amp;quot;{ec8030f7-c20a-464f-9b0e-13a3a9e97384}&amp;quot;,&amp;quot;minVersion&amp;quot;:&amp;quot;47.0.2&amp;quot;,&amp;quot;maxVersion&amp;quot;:&amp;quot;47.0.2&amp;quot;}],&amp;quot;targetPlatforms&amp;quot;:[],&amp;quot;seen&amp;quot;:true}
1491184782632	addons.xpi	DEBUG	getModTime: Recursive scan of {972ce4c6-7e08-4474-a285-3208198ce6fd}
1491184782636	DeferredSave.extensions.json	DEBUG	Save changes
1491184782637	addons.xpi	DEBUG	Updating database with changes to installed add-ons
1491184782637	addons.xpi-utils	DEBUG	Updating add-on states
1491184782644	addons.xpi-utils	DEBUG	Writing add-ons list
1491184782659	addons.xpi	DEBUG	Registering manifest for C:\Program Files (x86)\Mozilla Firefox\browser\features\e10srollout@mozilla.org.xpi
1491184782661	addons.xpi	DEBUG	Calling bootstrap method startup on e10srollout@mozilla.org version 1.0
1491184782662	addons.xpi	DEBUG	Registering manifest for C:\Program Files (x86)\Mozilla Firefox\browser\features\firefox@getpocket.com.xpi
1491184782665	addons.xpi	DEBUG	Calling bootstrap method startup on firefox@getpocket.com version 1.0.2
1491184782667	addons.xpi	DEBUG	Registering manifest for C:\Program Files (x86)\Mozilla Firefox\browser\features\loop@mozilla.org.xpi
1491184782670	addons.xpi	DEBUG	Calling bootstrap method startup on loop@mozilla.org version 1.3.2
1491184782728	addons.xpi	DEBUG	Registering manifest for C:\Program Files (x86)\Mozilla Firefox\browser\features\websensehelper@mozilla.org.xpi
1491184782731	addons.xpi	DEBUG	Calling bootstrap method startup on websensehelper@mozilla.org version 1.0
1491184782743	addons.manager	DEBUG	Registering shutdown blocker for XPIProvider
1491184782744	addons.manager	DEBUG	Provider finished startup: XPIProvider
1491184782745	addons.manager	DEBUG	Starting provider: LightweightThemeManager
1491184782745	addons.manager	DEBUG	Registering shutdown blocker for LightweightThemeManager
1491184782746	addons.manager	DEBUG	Provider finished startup: LightweightThemeManager
1491184782748	addons.manager	DEBUG	Starting provider: GMPProvider
1491184782778	addons.manager	DEBUG	Registering shutdown blocker for GMPProvider
1491184782779	addons.manager	DEBUG	Provider finished startup: GMPProvider
1491184782779	addons.manager	DEBUG	Starting provider: PluginProvider
1491184782780	addons.manager	DEBUG	Registering shutdown blocker for PluginProvider
1491184782781	addons.manager	DEBUG	Provider finished startup: PluginProvider
1491184782782	addons.manager	DEBUG	Completed startup sequence
1491184784798	addons.manager	DEBUG	Starting provider: &amp;lt;unnamed-provider&amp;gt;
1491184784798	addons.manager	DEBUG	Registering shutdown blocker for &amp;lt;unnamed-provider&amp;gt;
1491184784799	addons.manager	DEBUG	Provider finished startup: &amp;lt;unnamed-provider&amp;gt;
1491184785541	DeferredSave.extensions.json	DEBUG	Write succeeded
1491184785542	addons.xpi-utils	DEBUG	XPI Database saved, setting schema version preference to 17
1491184785543	DeferredSave.extensions.json	DEBUG	Starting timer
1491184785572	DeferredSave.extensions.json	DEBUG	Starting write
1491184785610	addons.repository	DEBUG	No addons.json found.
1491184785612	DeferredSave.addons.json	DEBUG	Save changes
1491184785619	DeferredSave.addons.json	DEBUG	Starting timer
1491184785735	addons.manager	DEBUG	Starting provider: PreviousExperimentProvider
1491184785735	addons.manager	DEBUG	Registering shutdown blocker for PreviousExperimentProvider
1491184785736	addons.manager	DEBUG	Provider finished startup: PreviousExperimentProvider
1491184785751	DeferredSave.addons.json	DEBUG	Starting write
1491184785759	DeferredSave.extensions.json	DEBUG	Write succeeded
1491184785845	DeferredSave.addons.json	DEBUG	Write succeeded
JavaScript error: chrome://fxdriver/content/server.js, line 61: uncaught exception: [object Object]
JavaScript error: chrome://fxdriver/content/server.js, line 61: NS_ERROR_XPC_CI_RETURNED_FAILURE: Component returned failure code: 0x80570015 (NS_ERROR_XPC_CI_RETURNED_FAILURE) [nsIJSCID.createInstance]

Build info: version: &amp;apos;2.53.1&amp;apos;, revision: &amp;apos;a36b8b1&amp;apos;, time: &amp;apos;2016-06-30 17:37:03&amp;apos;
System info: host: &amp;apos;Nissan&amp;apos;, ip: &amp;apos;192.168.0.4&amp;apos;, os.name: &amp;apos;Windows 8.1&amp;apos;, os.arch: &amp;apos;amd64&amp;apos;, os.version: &amp;apos;6.3&amp;apos;, java.version: &amp;apos;1.8.0_111&amp;apos;
Driver info: driver.version: FirefoxDriver">
      <![CDATA[org.openqa.selenium.WebDriverException: Failed to connect to binary FirefoxBinary(C:\Program Files (x86)\Mozilla Firefox\firefox.exe) on port 7055; process output follows: 
pdates":1,"skinnable":true,"size":22012,"sourceURI":null,"releaseNotesURI":null,"softDisabled":false,"foreignInstall":false,"hasBinaryComponents":false,"strictCompatibility":true,"locales":[],"targetApplications":[{"id":"{ec8030f7-c20a-464f-9b0e-13a3a9e97384}","minVersion":"47.0.2","maxVersion":"47.0.2"}],"targetPlatforms":[],"seen":true}
1491184782632	addons.xpi	DEBUG	getModTime: Recursive scan of {972ce4c6-7e08-4474-a285-3208198ce6fd}
1491184782636	DeferredSave.extensions.json	DEBUG	Save changes
1491184782637	addons.xpi	DEBUG	Updating database with changes to installed add-ons
1491184782637	addons.xpi-utils	DEBUG	Updating add-on states
1491184782644	addons.xpi-utils	DEBUG	Writing add-ons list
1491184782659	addons.xpi	DEBUG	Registering manifest for C:\Program Files (x86)\Mozilla Firefox\browser\features\e10srollout@mozilla.org.xpi
1491184782661	addons.xpi	DEBUG	Calling bootstrap method startup on e10srollout@mozilla.org version 1.0
1491184782662	addons.xpi	DEBUG	Registering manifest for C:\Program Files (x86)\Mozilla Firefox\browser\features\firefox@getpocket.com.xpi
1491184782665	addons.xpi	DEBUG	Calling bootstrap method startup on firefox@getpocket.com version 1.0.2
1491184782667	addons.xpi	DEBUG	Registering manifest for C:\Program Files (x86)\Mozilla Firefox\browser\features\loop@mozilla.org.xpi
1491184782670	addons.xpi	DEBUG	Calling bootstrap method startup on loop@mozilla.org version 1.3.2
1491184782728	addons.xpi	DEBUG	Registering manifest for C:\Program Files (x86)\Mozilla Firefox\browser\features\websensehelper@mozilla.org.xpi
1491184782731	addons.xpi	DEBUG	Calling bootstrap method startup on websensehelper@mozilla.org version 1.0
1491184782743	addons.manager	DEBUG	Registering shutdown blocker for XPIProvider
1491184782744	addons.manager	DEBUG	Provider finished startup: XPIProvider
1491184782745	addons.manager	DEBUG	Starting provider: LightweightThemeManager
1491184782745	addons.manager	DEBUG	Registering shutdown blocker for LightweightThemeManager
1491184782746	addons.manager	DEBUG	Provider finished startup: LightweightThemeManager
1491184782748	addons.manager	DEBUG	Starting provider: GMPProvider
1491184782778	addons.manager	DEBUG	Registering shutdown blocker for GMPProvider
1491184782779	addons.manager	DEBUG	Provider finished startup: GMPProvider
1491184782779	addons.manager	DEBUG	Starting provider: PluginProvider
1491184782780	addons.manager	DEBUG	Registering shutdown blocker for PluginProvider
1491184782781	addons.manager	DEBUG	Provider finished startup: PluginProvider
1491184782782	addons.manager	DEBUG	Completed startup sequence
1491184784798	addons.manager	DEBUG	Starting provider: <unnamed-provider>
1491184784798	addons.manager	DEBUG	Registering shutdown blocker for <unnamed-provider>
1491184784799	addons.manager	DEBUG	Provider finished startup: <unnamed-provider>
1491184785541	DeferredSave.extensions.json	DEBUG	Write succeeded
1491184785542	addons.xpi-utils	DEBUG	XPI Database saved, setting schema version preference to 17
1491184785543	DeferredSave.extensions.json	DEBUG	Starting timer
1491184785572	DeferredSave.extensions.json	DEBUG	Starting write
1491184785610	addons.repository	DEBUG	No addons.json found.
1491184785612	DeferredSave.addons.json	DEBUG	Save changes
1491184785619	DeferredSave.addons.json	DEBUG	Starting timer
1491184785735	addons.manager	DEBUG	Starting provider: PreviousExperimentProvider
1491184785735	addons.manager	DEBUG	Registering shutdown blocker for PreviousExperimentProvider
1491184785736	addons.manager	DEBUG	Provider finished startup: PreviousExperimentProvider
1491184785751	DeferredSave.addons.json	DEBUG	Starting write
1491184785759	DeferredSave.extensions.json	DEBUG	Write succeeded
1491184785845	DeferredSave.addons.json	DEBUG	Write succeeded
JavaScript error: chrome://fxdriver/content/server.js, line 61: uncaught exception: [object Object]
JavaScript error: chrome://fxdriver/content/server.js, line 61: NS_ERROR_XPC_CI_RETURNED_FAILURE: Component returned failure code: 0x80570015 (NS_ERROR_XPC_CI_RETURNED_FAILURE) [nsIJSCID.createInstance]

Build info: version: '2.53.1', revision: 'a36b8b1', time: '2016-06-30 17:37:03'
System info: host: 'Nissan', ip: '192.168.0.4', os.name: 'Windows 8.1', os.arch: 'amd64', os.version: '6.3', java.version: '1.8.0_111'
Driver info: driver.version: FirefoxDriver
	at org.openqa.selenium.firefox.internal.NewProfileExtensionConnection.start(NewProfileExtensionConnection.java:124)
	at org.openqa.selenium.firefox.FirefoxDriver.startClient(FirefoxDriver.java:271)
	at org.openqa.selenium.remote.RemoteWebDriver.<init>(RemoteWebDriver.java:119)
	at org.openqa.selenium.firefox.FirefoxDriver.<init>(FirefoxDriver.java:218)
	at org.openqa.selenium.firefox.FirefoxDriver.<init>(FirefoxDriver.java:211)
	at org.openqa.selenium.firefox.FirefoxDriver.<init>(FirefoxDriver.java:207)
	at org.openqa.selenium.firefox.FirefoxDriver.<init>(FirefoxDriver.java:120)
	at Smoketest.openBrowser(Smoketest.java:30)
Caused by: org.openqa.selenium.firefox.NotConnectedException: Unable to connect to host 127.0.0.1 on port 7055 after 45000 ms. Firefox console output:
pdates":1,"skinnable":true,"size":22012,"sourceURI":null,"releaseNotesURI":null,"softDisabled":false,"foreignInstall":false,"hasBinaryComponents":false,"strictCompatibility":true,"locales":[],"targetApplications":[{"id":"{ec8030f7-c20a-464f-9b0e-13a3a9e97384}","minVersion":"47.0.2","maxVersion":"47.0.2"}],"targetPlatforms":[],"seen":true}
1491184782632	addons.xpi	DEBUG	getModTime: Recursive scan of {972ce4c6-7e08-4474-a285-3208198ce6fd}
1491184782636	DeferredSave.extensions.json	DEBUG	Save changes
1491184782637	addons.xpi	DEBUG	Updating database with changes to installed add-ons
1491184782637	addons.xpi-utils	DEBUG	Updating add-on states
1491184782644	addons.xpi-utils	DEBUG	Writing add-ons list
1491184782659	addons.xpi	DEBUG	Registering manifest for C:\Program Files (x86)\Mozilla Firefox\browser\features\e10srollout@mozilla.org.xpi
1491184782661	addons.xpi	DEBUG	Calling bootstrap method startup on e10srollout@mozilla.org version 1.0
1491184782662	addons.xpi	DEBUG	Registering manifest for C:\Program Files (x86)\Mozilla Firefox\browser\features\firefox@getpocket.com.xpi
1491184782665	addons.xpi	DEBUG	Calling bootstrap method startup on firefox@getpocket.com version 1.0.2
1491184782667	addons.xpi	DEBUG	Registering manifest for C:\Program Files (x86)\Mozilla Firefox\browser\features\loop@mozilla.org.xpi
1491184782670	addons.xpi	DEBUG	Calling bootstrap method startup on loop@mozilla.org version 1.3.2
1491184782728	addons.xpi	DEBUG	Registering manifest for C:\Program Files (x86)\Mozilla Firefox\browser\features\websensehelper@mozilla.org.xpi
1491184782731	addons.xpi	DEBUG	Calling bootstrap method startup on websensehelper@mozilla.org version 1.0
1491184782743	addons.manager	DEBUG	Registering shutdown blocker for XPIProvider
1491184782744	addons.manager	DEBUG	Provider finished startup: XPIProvider
1491184782745	addons.manager	DEBUG	Starting provider: LightweightThemeManager
1491184782745	addons.manager	DEBUG	Registering shutdown blocker for LightweightThemeManager
1491184782746	addons.manager	DEBUG	Provider finished startup: LightweightThemeManager
1491184782748	addons.manager	DEBUG	Starting provider: GMPProvider
1491184782778	addons.manager	DEBUG	Registering shutdown blocker for GMPProvider
1491184782779	addons.manager	DEBUG	Provider finished startup: GMPProvider
1491184782779	addons.manager	DEBUG	Starting provider: PluginProvider
1491184782780	addons.manager	DEBUG	Registering shutdown blocker for PluginProvider
1491184782781	addons.manager	DEBUG	Provider finished startup: PluginProvider
1491184782782	addons.manager	DEBUG	Completed startup sequence
1491184784798	addons.manager	DEBUG	Starting provider: <unnamed-provider>
1491184784798	addons.manager	DEBUG	Registering shutdown blocker for <unnamed-provider>
1491184784799	addons.manager	DEBUG	Provider finished startup: <unnamed-provider>
1491184785541	DeferredSave.extensions.json	DEBUG	Write succeeded
1491184785542	addons.xpi-utils	DEBUG	XPI Database saved, setting schema version preference to 17
1491184785543	DeferredSave.extensions.json	DEBUG	Starting timer
1491184785572	DeferredSave.extensions.json	DEBUG	Starting write
1491184785610	addons.repository	DEBUG	No addons.json found.
1491184785612	DeferredSave.addons.json	DEBUG	Save changes
1491184785619	DeferredSave.addons.json	DEBUG	Starting timer
1491184785735	addons.manager	DEBUG	Starting provider: PreviousExperimentProvider
1491184785735	addons.manager	DEBUG	Registering shutdown blocker for PreviousExperimentProvider
1491184785736	addons.manager	DEBUG	Provider finished startup: PreviousExperimentProvider
1491184785751	DeferredSave.addons.json	DEBUG	Starting write
1491184785759	DeferredSave.extensions.json	DEBUG	Write succeeded
1491184785845	DeferredSave.addons.json	DEBUG	Write succeeded
JavaScript error: chrome://fxdriver/content/server.js, line 61: uncaught exception: [object Object]
JavaScript error: chrome://fxdriver/content/server.js, line 61: NS_ERROR_XPC_CI_RETURNED_FAILURE: Component returned failure code: 0x80570015 (NS_ERROR_XPC_CI_RETURNED_FAILURE) [nsIJSCID.createInstance]

	at org.openqa.selenium.firefox.internal.NewProfileExtensionConnection.start(NewProfileExtensionConnection.java:112)
	... 34 more
... Removed 27 stack frames]]>
    </failure>
  </testcase> <!-- @BeforeMethod openBrowser -->
  <testcase name="@BeforeMethod openBrowser" time="0.0" classname="Smoketest">
    <skipped/>
  </testcase> <!-- @BeforeMethod openBrowser -->
  <testcase name="@AfterTest DBconnectionClose" time="0.0" classname="Smoketest">
    <skipped/>
  </testcase> <!-- @AfterTest DBconnectionClose -->
  <testcase name="OpenTheBrowser" time="0.001" classname="Smoketest">
    <skipped/>
  </testcase> <!-- OpenTheBrowser -->
  <testcase name="logIn" time="0.0" classname="Smoketest">
    <skipped/>
  </testcase> <!-- logIn -->
  <testcase name="OcheckTheTitle" time="0.004" classname="FunctioinalityTest"/>
</testsuite>
